addition
[32m  succeeded
[0msubtraction
[32m  succeeded
[0mmultiplication
[32m  succeeded
[0mdivision
[32m  succeeded
[0mthree-numbers
[31m  stdin:  [0m5 + 7 + 12
[31m  stdout:[0m [36m@@ -1 +1 @@[m
          [31m-24[m
          [32m+[m[32m12[m
parentheses
[31m  stdin:  [0m(6 + 3) * 2
[31m  stdout:[0m [36m@@ -1 +1 @@[m
          [31m-18[m
          [32m+[m[32m3[m
complex
[31m  stdin:  [0m(8 + 2i) + (7 - 4i)
[31m  stdout:[0m [36m@@ -1 +1 @@[m
          [31m-15 - 2i[m
          [32m+[m[32m2[m
infix-words-error
[32m  succeeded
[0mignored-test
[33m  ignored
[0m
[31m9 tests, 3 failures, 1 ignored
[0m