simple
  succeeded
case-sensitive
  The fixture "stdout" is matching a pattern, so the result cannot be blessed.
  Actual value:
    Yberz vcfhz qbybe fvg nzrg, pbafrpgrghe nqvcvfpvat ryvg, frq qb rvhfzbq grzcbe vapvqvqhag hg ynober rg qbyber zntan nyvdhn.
    Hg ravz nq zvavz iravnz, dhvf abfgehq rkrepvgngvba hyynzpb ynobevf avfv hg nyvdhvc rk rn pbzzbqb pbafrdhng.
    Qhvf nhgr veher qbybe va erceruraqrevg va ibyhcgngr iryvg rffr pvyyhz qbyber rh shtvng ahyyn cnevnghe.
    Rkprcgrhe fvag bppnrpng phcvqngng aba cebvqrag, fhag va phycn dhv bssvpvn qrfrehag zbyyvg navz vq rfg ynobehz.
case-insensitive
  succeeded
erroneous-comments
  The fixture "stdout" is matching a pattern, so the result cannot be blessed.
  Actual value:
    Yberz vcfhz qbybe fvg nzrg, pbafrpgrghe nqvcvfpvat ryvg, frq qb rvhfzbq grzcbe vapvqvqhag hg ynober rg qbyber zntan nyvdhn.
    Hg ravz nq zvavz iravnz, dhvf abfgehq rkrepvgngvba hyynzpb ynobevf avfv hg nyvdhvc rk rn pbzzbqb pbafrdhng.
    Qhvf nhgr veher qbybe va erceruraqrevg va ibyhcgngr iryvg rffr pvyyhz qbyber rh shtvng ahyyn cnevnghe.
    Rkprcgrhe fvag bppnrpng phcvqngng aba cebvqrag, fhag va phycn dhv bssvpvn qrfrehag zbyyvg navz vq rfg ynobehz.
comments
  succeeded
dot-without-dot-all
  The fixture "stdout" is matching a pattern, so the result cannot be blessed.
  Actual value:
    Yberz vcfhz qbybe fvg nzrg, pbafrpgrghe nqvcvfpvat ryvg, frq qb rvhfzbq grzcbe vapvqvqhag hg ynober rg qbyber zntan nyvdhn.
    Hg ravz nq zvavz iravnz, dhvf abfgehq rkrepvgngvba hyynzpb ynobevf avfv hg nyvdhvc rk rn pbzzbqb pbafrdhng.
    Qhvf nhgr veher qbybe va erceruraqrevg va ibyhcgngr iryvg rffr pvyyhz qbyber rh shtvng ahyyn cnevnghe.
    Rkprcgrhe fvag bppnrpng phcvqngng aba cebvqrag, fhag va phycn dhv bssvpvn qrfrehag zbyyvg navz vq rfg ynobehz.
dot-with-dot-all
  succeeded

7 tests, 3 failures
