regex/simple
  succeeded
regex/case-sensitive
  stdin:  Lorem ipsum dolor sit amet, consectetur adipiscing elit, sed do eiusmod tempor incididunt ut labore et dolore magna aliqua.
          Ut enim ad minim veniam, quis nostrud exercitation ullamco laboris nisi ut aliquip ex ea commodo consequat.
          Duis aute irure dolor in reprehenderit in voluptate velit esse cillum dolore eu fugiat nulla pariatur.
          Excepteur sint occaecat cupidatat non proident, sunt in culpa qui officia deserunt mollit anim id est laborum.
  stdout:
    expected to match:
            yberz vcfhz
    actual: Yberz vcfhz qbybe fvg nzrg, pbafrpgrghe nqvcvfpvat ryvg, frq qb rvhfzbq grzcbe vapvqvqhag hg ynober rg qbyber zntan nyvdhn.
            Hg ravz nq zvavz iravnz, dhvf abfgehq rkrepvgngvba hyynzpb ynobevf avfv hg nyvdhvc rk rn pbzzbqb pbafrdhng.
            Qhvf nhgr veher qbybe va erceruraqrevg va ibyhcgngr iryvg rffr pvyyhz qbyber rh shtvng ahyyn cnevnghe.
            Rkprcgrhe fvag bppnrpng phcvqngng aba cebvqrag, fhag va phycn dhv bssvpvn qrfrehag zbyyvg navz vq rfg ynobehz.
regex/case-insensitive
  succeeded
regex/erroneous-comments
  stdin:  Lorem ipsum dolor sit amet, consectetur adipiscing elit, sed do eiusmod tempor incididunt ut labore et dolore magna aliqua.
          Ut enim ad minim veniam, quis nostrud exercitation ullamco laboris nisi ut aliquip ex ea commodo consequat.
          Duis aute irure dolor in reprehenderit in voluptate velit esse cillum dolore eu fugiat nulla pariatur.
          Excepteur sint occaecat cupidatat non proident, sunt in culpa qui officia deserunt mollit anim id est laborum.
  stdout:
    expected to match:
            Yberz  # Lorem
            \ vcfhz  # ipsum
    actual: Yberz vcfhz qbybe fvg nzrg, pbafrpgrghe nqvcvfpvat ryvg, frq qb rvhfzbq grzcbe vapvqvqhag hg ynober rg qbyber zntan nyvdhn.
            Hg ravz nq zvavz iravnz, dhvf abfgehq rkrepvgngvba hyynzpb ynobevf avfv hg nyvdhvc rk rn pbzzbqb pbafrdhng.
            Qhvf nhgr veher qbybe va erceruraqrevg va ibyhcgngr iryvg rffr pvyyhz qbyber rh shtvng ahyyn cnevnghe.
            Rkprcgrhe fvag bppnrpng phcvqngng aba cebvqrag, fhag va phycn dhv bssvpvn qrfrehag zbyyvg navz vq rfg ynobehz.
regex/comments
  succeeded
regex/dot-without-dot-all
  stdin:  Lorem ipsum dolor sit amet, consectetur adipiscing elit, sed do eiusmod tempor incididunt ut labore et dolore magna aliqua.
          Ut enim ad minim veniam, quis nostrud exercitation ullamco laboris nisi ut aliquip ex ea commodo consequat.
          Duis aute irure dolor in reprehenderit in voluptate velit esse cillum dolore eu fugiat nulla pariatur.
          Excepteur sint occaecat cupidatat non proident, sunt in culpa qui officia deserunt mollit anim id est laborum.
  stdout:
    expected to match:
            Yberz vcfhz qbybe fvg nzrg, .* fhag va phycn dhv bssvpvn qrfrehag zbyyvg navz vq rfg ynobehz\.
    actual: Yberz vcfhz qbybe fvg nzrg, pbafrpgrghe nqvcvfpvat ryvg, frq qb rvhfzbq grzcbe vapvqvqhag hg ynober rg qbyber zntan nyvdhn.
            Hg ravz nq zvavz iravnz, dhvf abfgehq rkrepvgngvba hyynzpb ynobevf avfv hg nyvdhvc rk rn pbzzbqb pbafrdhng.
            Qhvf nhgr veher qbybe va erceruraqrevg va ibyhcgngr iryvg rffr pvyyhz qbyber rh shtvng ahyyn cnevnghe.
            Rkprcgrhe fvag bppnrpng phcvqngng aba cebvqrag, fhag va phycn dhv bssvpvn qrfrehag zbyyvg navz vq rfg ynobehz.
regex/dot-with-dot-all
  succeeded
simple/word
  stdin:  word
  stdout: @@ -1 +1 @@
          -xpse
          +jbeq
simple/lines
  stdin:  one
          two
          three
          four
  stdout: @@ -1,4 +1,4 @@
          -pof
          -uxp
          -uisff
          -gpvs
          +bar
          +gjb
          +guerr
          +sbhe
simple/color
  stdin:  this is a [32mgreen[0m word
  stdout: @@ -1 +1 @@
          -uijt jt b [32mhsffo[0m xpse
          +guvf vf n [32mterra[0m jbeq

10 tests, 6 failures
