copy a file
  succeeded
uppercase a file
  succeeded
lowercase a file
  files:
    output.file:
          @@ -1 +1 @@
          -here is some text.
          +HERE IS SOME TEXT.
multiple files
  files:
    one:
          @@ -1 +1 @@
          -one
          +three
    three:
          @@ -1 +1 @@
          -three
          +one
multiple possible file contents
  files:
    output.file:
          @@ -1 +1 @@
          -1
          +0
      or: @@ -1 +1 @@
          -2
          +0
      or: @@ -1 +1 @@
          -3
          +0
increment a number
  succeeded
write to two files
  succeeded
check the wrong file
  args:   input.file
          output.file
  files:
    wrong.file:
          does not exist

8 tests, 4 failures
