copy a file
  succeeded
uppercase a file
  succeeded
lowercase a file
  succeeded
multiple files
  The fixture "files" is embedded in the test specification, so the result cannot be blessed.
  Attempted to write:
    three
multiple possible file contents
  There are multiple expected "files" values, so the result cannot be blessed.
increment a number
  succeeded
write to two files
  succeeded
check the wrong file
  args:   input.file
          output.file
  files:
    wrong.file:
          does not exist
revert an executable file
  succeeded

9 tests, 3 failures
